<?xml version='1.0' encoding='UTF-8'?>
<testsuite hostname="st-mashfir1" name="patmat.HuffmanSuite" tests="6" errors="0" failures="1" skipped="0" time="10.383" timestamp="2020-05-03T21:22:47">
                     <properties>
[...]
</properties>
                     <testcase classname="patmat.HuffmanSuite" name="chars of a larger tree (10pts)" time="0.034">
                                                 
                                               </testcase><testcase classname="patmat.HuffmanSuite" name="weight of a larger tree (10pts)" time="0.001">
                                                 
                                               </testcase><testcase classname="patmat.HuffmanSuite" name="decode and encode a very short text should be identity (10pts)" time="10.346">
                                                 <failure message="java.lang.Exception: test timed out after 10000 milliseconds" type="sbt.ForkMain$ForkError">sbt.ForkMain$ForkError: java.lang.Exception: test timed out after 10000 milliseconds
	at app//patmat.Huffman.decodeAcc$1(Huffman.scala:174)
	at app//patmat.Huffman.decode(Huffman.scala:181)
	at app//patmat.Huffman.decode$(Huffman.scala:172)
	at app//patmat.Huffman$.decode(Huffman.scala:276)
	at app//patmat.HuffmanSuite$$anon$3.&lt;init&gt;(HuffmanSuite.scala:43)
	at app//patmat.HuffmanSuite.decode$u0020and$u0020encode$u0020a$u0020very$u0020short$u0020text$u0020should$u0020be$u0020identity$u0020$u002810pts$u0029(HuffmanSuite.scala:42)
	at java.base@13.0.2/jdk.internal.reflect.NativeMethodAccessorImpl.invoke0(Native Method)
	at java.base@13.0.2/jdk.internal.reflect.NativeMethodAccessorImpl.invoke(NativeMethodAccessorImpl.java:62)
	at java.base@13.0.2/jdk.internal.reflect.DelegatingMethodAccessorImpl.invoke(DelegatingMethodAccessorImpl.java:43)
	at java.base@13.0.2/java.lang.reflect.Method.invoke(Method.java:567)
	at app//org.junit.runners.model.FrameworkMethod$1.runReflectiveCall(FrameworkMethod.java:47)
	at app//org.junit.internal.runners.model.ReflectiveCallable.run(ReflectiveCallable.java:12)
	at app//org.junit.runners.model.FrameworkMethod.invokeExplosively(FrameworkMethod.java:44)
	at app//org.junit.internal.runners.statements.InvokeMethod.evaluate(InvokeMethod.java:17)
	at app//org.junit.internal.runners.statements.FailOnTimeout$StatementThread.run(FailOnTimeout.java:74)
</failure>
                                               </testcase><testcase classname="patmat.HuffmanSuite" name="string2chars hello world" time="0.001">
                                                 
                                               </testcase><testcase classname="patmat.HuffmanSuite" name="combine of some leaf list (15pts)" time="0.001">
                                                 
                                               </testcase><testcase classname="patmat.HuffmanSuite" name="make ordered leaf list for some frequency table (15pts)" time="0.0">
                                                 
                                               </testcase>
                     <system-out><![CDATA[]]></system-out>
                     <system-err><![CDATA[]]></system-err>
                   </testsuite>